\BOOKMARK [0][-]{chapter.1}{\376\377\000s\000e\000t\000u\000p\000\137\000m\000e\000t\000a\000d\000a\000t\000a}{}% 1
\BOOKMARK [0][-]{chapter.2}{\376\377\000p\000r\000e\000p\000r\000o\000c\000e\000s\000s\000i\000n\000g\000\137\000g\000e\000n\000e\000r\000a\000l}{}% 2
\BOOKMARK [0][-]{chapter.3}{\376\377\000p\000r\000e\000p\000r\000o\000c\000e\000s\000s\000i\000n\000g\000.\000p\000r\000e\000p\000\137\000r\000e\000a\000d\000\137\000i\000n\000\137\000t\000a\000b\000l\000e\000s}{}% 3
\BOOKMARK [0][-]{chapter.4}{\376\377\000p\000r\000e\000p\000r\000o\000c\000e\000s\000s\000i\000n\000g\000.\000p\000r\000e\000p\000\137\000s\000s\000p\000s\000\137\000f\000i\000l\000l\000\137\000g\000a\000p\000s}{}% 4
\BOOKMARK [0][-]{chapter.5}{\376\377\000p\000r\000e\000p\000r\000o\000c\000e\000s\000s\000i\000n\000g\000.\000p\000r\000e\000p\000\137\000s\000s\000p\000s\000\137\000s\000p\000l\000i\000t\000\137\000f\000g\000a\000s\000e\000s}{}% 5
\BOOKMARK [0][-]{chapter.6}{\376\377\000p\000r\000e\000p\000r\000o\000c\000e\000s\000s\000i\000n\000g\000.\000p\000r\000e\000p\000\137\000l\000u\000l\000u\000c\000f}{}% 6
\BOOKMARK [0][-]{chapter.7}{\376\377\000p\000r\000e\000p\000r\000o\000c\000e\000s\000s\000i\000n\000g\000\137\000c\000u\000r\000r\000e\000n\000t\000\137\000p\000c\000\137\000c\000o\000v}{}% 7
\BOOKMARK [0][-]{chapter.8}{\376\377\000p\000r\000e\000p\000r\000o\000c\000e\000s\000s\000i\000n\000g\000.\000p\000r\000e\000p\000\137\000c\000o\000v\000e\000r\000a\000g\000e}{}% 8
\BOOKMARK [0][-]{chapter.9}{\376\377\000p\000r\000e\000p\000r\000o\000c\000e\000s\000s\000i\000n\000g\000.\000p\000r\000e\000p\000\137\000c\000o\000v\000e\000r\000e\000d\000\137\000e\000m\000i\000s\000s\000i\000o\000n\000s\000\137\000h\000i\000s}{}% 9
\BOOKMARK [0][-]{chapter.10}{\376\377\000p\000r\000e\000p\000r\000o\000c\000e\000s\000s\000i\000n\000g\000.\000p\000r\000e\000p\000\137\000c\000o\000v\000e\000r\000e\000d\000\137\000e\000m\000i\000s\000s\000i\000o\000n\000s\000\137\000f\000u\000t}{}% 10
\BOOKMARK [0][-]{chapter.11}{\376\377\000M\000O\000D\000I\000F\000Y\000\137\000I\000N\000P\000U\000T\000\137\000H\000E\000R\000E\000.\000i\000n\000p\000u\000t\000\137\000d\000e\000f\000a\000u\000l\000t}{}% 11
\BOOKMARK [0][-]{chapter.12}{\376\377\000\137\000t\000o\000\137\000b\000e\000\137\000r\000u\000n}{}% 12
\BOOKMARK [0][-]{chapter.13}{\376\377\000m\000a\000i\000n\000\137\000n\000d\000c\000\137\000q\000u\000a\000n\000t\000i\000f\000i\000c\000a\000t\000i\000o\000n\000s}{}% 13
\BOOKMARK [0][-]{chapter.14}{\376\377\000m\000a\000i\000n\000\137\000f\000u\000n\000c\000t\000i\000o\000n\000s\000.\000n\000d\000c\000s\000\137\000s\000o\000m\000e\000\137\000i\000n\000i\000t\000i\000a\000l\000\137\000t\000e\000s\000t\000i\000n\000g}{}% 14
\BOOKMARK [0][-]{chapter.15}{\376\377\000m\000a\000i\000n\000\137\000f\000u\000n\000c\000t\000i\000o\000n\000s\000.\000n\000d\000c\000s\000\137\000c\000h\000e\000c\000k\000\137\000o\000p\000t\000i\000o\000n\000s\000\137\000f\000o\000r\000\137\000t\000a\000r\000g\000e\000t\000\137\000c\000a\000l\000c\000u\000l\000a\000t\000i\000o\000n\000s}{}% 15
\BOOKMARK [0][-]{chapter.16}{\376\377\000m\000a\000i\000n\000\137\000f\000u\000n\000c\000t\000i\000o\000n\000s\000.\000n\000d\000c\000s\000\137\000c\000a\000l\000c\000u\000l\000a\000t\000e\000\137\000t\000a\000r\000g\000e\000t\000s}{}% 16
\BOOKMARK [0][-]{chapter.17}{\376\377\000m\000a\000i\000n\000\137\000f\000u\000n\000c\000t\000i\000o\000n\000s\000.\000n\000d\000c\000s\000\137\000c\000a\000l\000c\000u\000l\000a\000t\000e\000\137\000p\000a\000t\000h\000w\000a\000y\000s\000\137\000p\000e\000r\000\137\000c\000o\000u\000n\000t\000r\000y}{}% 17
\BOOKMARK [0][-]{chapter.18}{\376\377\000m\000a\000i\000n\000\137\000f\000u\000n\000c\000t\000i\000o\000n\000s\000.\000n\000d\000c\000s\000\137\000c\000a\000l\000c\000u\000l\000a\000t\000e\000\137\000p\000a\000t\000h\000w\000a\000y\000s\000\137\000p\000e\000r\000\137\000g\000r\000o\000u\000p}{}% 18
\BOOKMARK [0][-]{chapter.19}{\376\377\000m\000a\000i\000n\000\137\000f\000u\000n\000c\000t\000i\000o\000n\000s\000.\000n\000d\000c\000s\000\137\000s\000o\000m\000e\000\137\000f\000i\000n\000a\000l\000\137\000t\000e\000s\000t\000i\000n\000g}{}% 19
\BOOKMARK [0][-]{chapter.20}{\376\377\000n\000d\000c\000s\000\137\000\137\000t\000a\000r\000g\000e\000t\000\137\000c\000a\000l\000c\000u\000l\000a\000t\000i\000o\000n\000s\000\137\000f\000o\000r\000\137\000i\000n\000p\000u\000t\000\137\000x\000l\000s\000x}{}% 20
